<?xml version="1.0" encoding="utf-8"?><testsuites name="pytest tests"><testsuite name="pytest" errors="0" failures="0" skipped="0" tests="64" time="63.606" timestamp="2026-04-23T13:33:49.134587+00:00" hostname="agent-env-2f8b86fc-5ab0-4eb2-af3a-e8b0fa67fdfd"><testcase classname="tests.test_backend" name="test_health" time="0.149" /><testcase classname="tests.test_backend" name="test_register" time="0.287" /><testcase classname="tests.test_backend" name="test_register_duplicate" time="0.058" /><testcase classname="tests.test_backend" name="test_login" time="0.276" /><testcase classname="tests.test_backend" name="test_login_wrong_password" time="0.273" /><testcase classname="tests.test_backend" name="test_me" time="0.056" /><testcase classname="tests.test_backend" name="test_me_without_token" time="0.109" /><testcase classname="tests.test_backend" name="test_live_matches" time="0.381" /><testcase classname="tests.test_backend" name="test_upcoming_matches" time="0.050" /><testcase classname="tests.test_backend" name="test_completed_matches" time="0.057" /><testcase classname="tests.test_backend" name="test_match_detail" time="0.065" /><testcase classname="tests.test_backend" name="test_match_detail_404" time="0.051" /><testcase classname="tests.test_backend" name="test_scorecard" time="0.055" /><testcase classname="tests.test_backend" name="test_commentary" time="0.052" /><testcase classname="tests.test_backend" name="test_commentary_enriched_m_live_1" time="0.052" /><testcase classname="tests.test_backend" name="test_manhattan" time="0.053" /><testcase classname="tests.test_backend" name="test_partnerships" time="0.053" /><testcase classname="tests.test_backend" name="test_partnerships_enriched_m_live_1" time="0.055" /><testcase classname="tests.test_backend" name="test_predicted_xi" time="0.061" /><testcase classname="tests.test_backend" name="test_match_umpires_m_live_1" time="0.052" /><testcase classname="tests.test_backend" name="test_playing_xi_m_live_1" time="0.052" /><testcase classname="tests.test_backend" name="test_venue_by_name" time="0.050" /><testcase classname="tests.test_backend" name="test_players_list" time="0.057" /><testcase classname="tests.test_backend" name="test_player_detail" time="0.063" /><testcase classname="tests.test_backend" name="test_player_detail_p1_kohli_enrichment" time="0.049" /><testcase classname="tests.test_backend" name="test_player_detail_p3_dhoni_wk_stats" time="0.053" /><testcase classname="tests.test_backend" name="test_teams_list" time="0.051" /><testcase classname="tests.test_backend" name="test_team_detail" time="0.051" /><testcase classname="tests.test_backend" name="test_top_performers" time="0.055" /><testcase classname="tests.test_backend" name="test_home_feed_anon" time="0.052" /><testcase classname="tests.test_backend" name="test_home_feed_auth" time="0.056" /><testcase classname="tests.test_backend" name="test_follow_team" time="0.057" /><testcase classname="tests.test_backend" name="test_follow_player" time="0.052" /><testcase classname="tests.test_backend" name="test_following_list" time="0.053" /><testcase classname="tests.test_backend" name="test_unfollow_team" time="0.112" /><testcase classname="tests.test_backend" name="test_set_alert" time="0.056" /><testcase classname="tests.test_backend" name="test_ai_ask" time="3.805" /><testcase classname="tests.test_backend" name="test_ai_win_probability" time="0.053" /><testcase classname="tests.test_backend" name="test_polls_list" time="0.057" /><testcase classname="tests.test_backend" name="test_poll_vote" time="0.055" /><testcase classname="tests.test_backend" name="test_poll_vote_requires_auth" time="0.159" /><testcase classname="tests.test_backend" name="test_chat_get" time="0.056" /><testcase classname="tests.test_backend" name="test_chat_post" time="0.104" /><testcase classname="tests.test_iteration3" name="test_admin_login" time="0.374" /><testcase classname="tests.test_iteration3" name="test_me_admin_fields" time="0.048" /><testcase classname="tests.test_iteration3" name="test_register_free_user" time="0.274" /><testcase classname="tests.test_iteration3" name="test_toggle_pro_requires_auth" time="0.212" /><testcase classname="tests.test_iteration3" name="test_toggle_pro_flips" time="0.148" /><testcase classname="tests.test_iteration3" name="test_ai_ask_anonymous_works" time="5.249" /><testcase classname="tests.test_iteration3" name="test_ai_free_user_hits_limit_after_5" time="39.229" /><testcase classname="tests.test_iteration3" name="test_ai_pro_user_never_hits_limit" time="4.744" /><testcase classname="tests.test_iteration3" name="test_notifications_requires_auth" time="0.222" /><testcase classname="tests.test_iteration3" name="test_notifications_auto_seed_for_new_user" time="0.428" /><testcase classname="tests.test_iteration3" name="test_mark_all_read" time="0.098" /><testcase classname="tests.test_iteration3" name="test_public_news_list_seeded" time="0.049" /><testcase classname="tests.test_iteration3" name="test_admin_create_news" time="0.100" /><testcase classname="tests.test_iteration3" name="test_admin_news_forbidden_for_non_admin" time="0.048" /><testcase classname="tests.test_iteration3" name="test_admin_create_poll" time="0.049" /><testcase classname="tests.test_iteration3" name="test_admin_stats" time="0.051" /><testcase classname="tests.test_iteration3" name="test_admin_stats_forbidden_for_non_admin" time="0.054" /><testcase classname="tests.test_iteration3" name="test_admin_toggle_featured" time="0.100" /><testcase classname="tests.test_iteration3" name="test_admin_delete_news_cleanup" time="0.108" /><testcase classname="tests.test_iteration3" name="test_websocket_live_score_stream" time="4.211" /><testcase classname="tests.test_iteration3" name="test_websocket_bad_match_returns_error" time="0.261" /></testsuite></testsuites>