<?xml version="1.0" encoding="utf-8"?><testsuites name="pytest tests"><testsuite name="pytest" errors="0" failures="0" skipped="0" tests="13" time="57.412" timestamp="2026-04-23T14:00:15.114785+00:00" hostname="agent-env-2f8b86fc-5ab0-4eb2-af3a-e8b0fa67fdfd"><testcase classname="backend.tests.test_iteration5" name="test_meta_fields" time="0.184" /><testcase classname="backend.tests.test_iteration5" name="test_register_sets_trial" time="0.293" /><testcase classname="backend.tests.test_iteration5" name="test_me_trial_fields" time="0.059" /><testcase classname="backend.tests.test_iteration5" name="test_payments_config" time="0.054" /><testcase classname="backend.tests.test_iteration5" name="test_payments_create_order_requires_auth" time="0.058" /><testcase classname="backend.tests.test_iteration5" name="test_payments_create_order_auth" time="0.858" /><testcase classname="backend.tests.test_iteration5" name="test_payments_verify_bad_signature" time="0.062" /><testcase classname="backend.tests.test_iteration5" name="test_feedback_anonymous" time="0.050" /><testcase classname="backend.tests.test_iteration5" name="test_feedback_authenticated" time="0.051" /><testcase classname="backend.tests.test_iteration5" name="test_admin_feedback_list" time="0.378" /><testcase classname="backend.tests.test_iteration5" name="test_admin_feedback_forbidden_for_non_admin" time="0.050" /><testcase classname="backend.tests.test_iteration5" name="test_ai_trial_user_unlimited" time="34.833" /><testcase classname="backend.tests.test_iteration5" name="test_ai_expired_trial_enforces_limit" time="20.335" /></testsuite></testsuites>