<?xml version="1.0" encoding="utf-8"?><testsuites name="pytest tests"><testsuite name="pytest" errors="0" failures="0" skipped="0" tests="43" time="9.984" timestamp="2026-04-23T13:05:29.096386+00:00" hostname="agent-env-2f8b86fc-5ab0-4eb2-af3a-e8b0fa67fdfd"><testcase classname="tests.test_backend" name="test_health" time="0.161" /><testcase classname="tests.test_backend" name="test_register" time="0.291" /><testcase classname="tests.test_backend" name="test_register_duplicate" time="0.047" /><testcase classname="tests.test_backend" name="test_login" time="0.279" /><testcase classname="tests.test_backend" name="test_login_wrong_password" time="0.272" /><testcase classname="tests.test_backend" name="test_me" time="0.049" /><testcase classname="tests.test_backend" name="test_me_without_token" time="0.107" /><testcase classname="tests.test_backend" name="test_live_matches" time="0.540" /><testcase classname="tests.test_backend" name="test_upcoming_matches" time="0.049" /><testcase classname="tests.test_backend" name="test_completed_matches" time="0.053" /><testcase classname="tests.test_backend" name="test_match_detail" time="0.048" /><testcase classname="tests.test_backend" name="test_match_detail_404" time="0.047" /><testcase classname="tests.test_backend" name="test_scorecard" time="0.053" /><testcase classname="tests.test_backend" name="test_commentary" time="0.051" /><testcase classname="tests.test_backend" name="test_commentary_enriched_m_live_1" time="0.047" /><testcase classname="tests.test_backend" name="test_manhattan" time="0.047" /><testcase classname="tests.test_backend" name="test_partnerships" time="0.047" /><testcase classname="tests.test_backend" name="test_partnerships_enriched_m_live_1" time="0.046" /><testcase classname="tests.test_backend" name="test_predicted_xi" time="0.048" /><testcase classname="tests.test_backend" name="test_match_umpires_m_live_1" time="0.047" /><testcase classname="tests.test_backend" name="test_playing_xi_m_live_1" time="0.056" /><testcase classname="tests.test_backend" name="test_venue_by_name" time="0.046" /><testcase classname="tests.test_backend" name="test_players_list" time="0.056" /><testcase classname="tests.test_backend" name="test_player_detail" time="0.067" /><testcase classname="tests.test_backend" name="test_player_detail_p1_kohli_enrichment" time="0.049" /><testcase classname="tests.test_backend" name="test_player_detail_p3_dhoni_wk_stats" time="0.048" /><testcase classname="tests.test_backend" name="test_teams_list" time="0.048" /><testcase classname="tests.test_backend" name="test_team_detail" time="0.046" /><testcase classname="tests.test_backend" name="test_top_performers" time="0.056" /><testcase classname="tests.test_backend" name="test_home_feed_anon" time="0.051" /><testcase classname="tests.test_backend" name="test_home_feed_auth" time="0.055" /><testcase classname="tests.test_backend" name="test_follow_team" time="0.049" /><testcase classname="tests.test_backend" name="test_follow_player" time="0.053" /><testcase classname="tests.test_backend" name="test_following_list" time="0.052" /><testcase classname="tests.test_backend" name="test_unfollow_team" time="0.099" /><testcase classname="tests.test_backend" name="test_set_alert" time="0.052" /><testcase classname="tests.test_backend" name="test_ai_ask" time="6.136" /><testcase classname="tests.test_backend" name="test_ai_win_probability" time="0.050" /><testcase classname="tests.test_backend" name="test_polls_list" time="0.046" /><testcase classname="tests.test_backend" name="test_poll_vote" time="0.055" /><testcase classname="tests.test_backend" name="test_poll_vote_requires_auth" time="0.201" /><testcase classname="tests.test_backend" name="test_chat_get" time="0.053" /><testcase classname="tests.test_backend" name="test_chat_post" time="0.096" /></testsuite></testsuites>