<?xml version="1.0" encoding="utf-8"?><testsuites name="pytest tests"><testsuite name="pytest" errors="0" failures="0" skipped="0" tests="77" time="109.553" timestamp="2026-04-23T14:03:12.342107+00:00" hostname="agent-env-2f8b86fc-5ab0-4eb2-af3a-e8b0fa67fdfd"><testcase classname="backend.tests.test_backend" name="test_health" time="0.219" /><testcase classname="backend.tests.test_backend" name="test_register" time="0.283" /><testcase classname="backend.tests.test_backend" name="test_register_duplicate" time="0.050" /><testcase classname="backend.tests.test_backend" name="test_login" time="0.271" /><testcase classname="backend.tests.test_backend" name="test_login_wrong_password" time="0.371" /><testcase classname="backend.tests.test_backend" name="test_me" time="0.053" /><testcase classname="backend.tests.test_backend" name="test_me_without_token" time="0.138" /><testcase classname="backend.tests.test_backend" name="test_live_matches" time="0.341" /><testcase classname="backend.tests.test_backend" name="test_upcoming_matches" time="0.049" /><testcase classname="backend.tests.test_backend" name="test_completed_matches" time="0.053" /><testcase classname="backend.tests.test_backend" name="test_match_detail" time="0.046" /><testcase classname="backend.tests.test_backend" name="test_match_detail_404" time="0.049" /><testcase classname="backend.tests.test_backend" name="test_scorecard" time="0.064" /><testcase classname="backend.tests.test_backend" name="test_commentary" time="0.051" /><testcase classname="backend.tests.test_backend" name="test_commentary_enriched_m_live_1" time="0.047" /><testcase classname="backend.tests.test_backend" name="test_manhattan" time="0.047" /><testcase classname="backend.tests.test_backend" name="test_partnerships" time="0.052" /><testcase classname="backend.tests.test_backend" name="test_partnerships_enriched_m_live_1" time="0.047" /><testcase classname="backend.tests.test_backend" name="test_predicted_xi" time="0.046" /><testcase classname="backend.tests.test_backend" name="test_match_umpires_m_live_1" time="0.046" /><testcase classname="backend.tests.test_backend" name="test_playing_xi_m_live_1" time="0.049" /><testcase classname="backend.tests.test_backend" name="test_venue_by_name" time="0.047" /><testcase classname="backend.tests.test_backend" name="test_players_list" time="0.048" /><testcase classname="backend.tests.test_backend" name="test_player_detail" time="0.049" /><testcase classname="backend.tests.test_backend" name="test_player_detail_p1_kohli_enrichment" time="0.047" /><testcase classname="backend.tests.test_backend" name="test_player_detail_p3_dhoni_wk_stats" time="0.050" /><testcase classname="backend.tests.test_backend" name="test_teams_list" time="0.049" /><testcase classname="backend.tests.test_backend" name="test_team_detail" time="0.052" /><testcase classname="backend.tests.test_backend" name="test_top_performers" time="0.052" /><testcase classname="backend.tests.test_backend" name="test_home_feed_anon" time="0.050" /><testcase classname="backend.tests.test_backend" name="test_home_feed_auth" time="0.054" /><testcase classname="backend.tests.test_backend" name="test_follow_team" time="0.049" /><testcase classname="backend.tests.test_backend" name="test_follow_player" time="0.049" /><testcase classname="backend.tests.test_backend" name="test_following_list" time="0.047" /><testcase classname="backend.tests.test_backend" name="test_unfollow_team" time="0.094" /><testcase classname="backend.tests.test_backend" name="test_set_alert" time="0.051" /><testcase classname="backend.tests.test_backend" name="test_ai_ask" time="4.840" /><testcase classname="backend.tests.test_backend" name="test_ai_win_probability" time="0.048" /><testcase classname="backend.tests.test_backend" name="test_polls_list" time="0.047" /><testcase classname="backend.tests.test_backend" name="test_poll_vote" time="0.058" /><testcase classname="backend.tests.test_backend" name="test_poll_vote_requires_auth" time="0.138" /><testcase classname="backend.tests.test_backend" name="test_chat_get" time="0.057" /><testcase classname="backend.tests.test_backend" name="test_chat_post" time="0.110" /><testcase classname="backend.tests.test_iteration3" name="test_admin_login" time="0.326" /><testcase classname="backend.tests.test_iteration3" name="test_me_admin_fields" time="0.047" /><testcase classname="backend.tests.test_iteration3" name="test_register_free_user" time="0.322" /><testcase classname="backend.tests.test_iteration3" name="test_toggle_pro_requires_auth" time="0.115" /><testcase classname="backend.tests.test_iteration3" name="test_toggle_pro_flips" time="0.146" /><testcase classname="backend.tests.test_iteration3" name="test_ai_ask_anonymous_works" time="4.996" /><testcase classname="backend.tests.test_iteration3" name="test_ai_free_user_hits_limit_after_5" time="28.354" /><testcase classname="backend.tests.test_iteration3" name="test_ai_pro_user_never_hits_limit" time="4.455" /><testcase classname="backend.tests.test_iteration3" name="test_notifications_requires_auth" time="0.181" /><testcase classname="backend.tests.test_iteration3" name="test_notifications_auto_seed_for_new_user" time="0.459" /><testcase classname="backend.tests.test_iteration3" name="test_mark_all_read" time="0.093" /><testcase classname="backend.tests.test_iteration3" name="test_public_news_list_seeded" time="0.044" /><testcase classname="backend.tests.test_iteration3" name="test_admin_create_news" time="0.093" /><testcase classname="backend.tests.test_iteration3" name="test_admin_news_forbidden_for_non_admin" time="0.045" /><testcase classname="backend.tests.test_iteration3" name="test_admin_create_poll" time="0.050" /><testcase classname="backend.tests.test_iteration3" name="test_admin_stats" time="0.053" /><testcase classname="backend.tests.test_iteration3" name="test_admin_stats_forbidden_for_non_admin" time="0.047" /><testcase classname="backend.tests.test_iteration3" name="test_admin_toggle_featured" time="0.097" /><testcase classname="backend.tests.test_iteration3" name="test_admin_delete_news_cleanup" time="0.097" /><testcase classname="backend.tests.test_iteration3" name="test_websocket_live_score_stream" time="4.203" /><testcase classname="backend.tests.test_iteration3" name="test_websocket_bad_match_returns_error" time="0.218" /><testcase classname="backend.tests.test_iteration5" name="test_meta_fields" time="0.123" /><testcase classname="backend.tests.test_iteration5" name="test_register_sets_trial" time="0.293" /><testcase classname="backend.tests.test_iteration5" name="test_me_trial_fields" time="0.056" /><testcase classname="backend.tests.test_iteration5" name="test_payments_config" time="0.050" /><testcase classname="backend.tests.test_iteration5" name="test_payments_create_order_requires_auth" time="0.049" /><testcase classname="backend.tests.test_iteration5" name="test_payments_create_order_auth" time="0.858" /><testcase classname="backend.tests.test_iteration5" name="test_payments_verify_bad_signature" time="0.054" /><testcase classname="backend.tests.test_iteration5" name="test_feedback_anonymous" time="0.050" /><testcase classname="backend.tests.test_iteration5" name="test_feedback_authenticated" time="0.085" /><testcase classname="backend.tests.test_iteration5" name="test_admin_feedback_list" time="0.389" /><testcase classname="backend.tests.test_iteration5" name="test_admin_feedback_forbidden_for_non_admin" time="0.050" /><testcase classname="backend.tests.test_iteration5" name="test_ai_trial_user_unlimited" time="30.820" /><testcase classname="backend.tests.test_iteration5" name="test_ai_expired_trial_enforces_limit" time="23.587" /></testsuite></testsuites>